# JRE version: OpenJDK Runtime Environment AdoptOpenJDK (11.0.10+9) (build 11.0.10+9)
# Java VM: OpenJDK 64-Bit Server VM AdoptOpenJDK (11.0.10+9, mixed mode, tiered, compressed oops, g1 gc, windows-amd64)
Heap:
 garbage-first heap   total 59392K, used 37186K [0x00000000d2200000, 0x0000000100000000)
  region size 1024K, 15 young (15360K), 3 survivors (3072K)
 Metaspace       used 68394K, capacity 70027K, committed 70272K, reserved 1110016K
  class space    used 8662K, capacity 9340K, committed 9344K, reserved 1048576K
GC Heap History (20 events):
Event: 19.123 GC heap before
{Heap before GC invocations=17 (full 0):
 garbage-first heap   total 59392K, used 40377K [0x00000000d2200000, 0x0000000100000000)
  region size 1024K, 28 young (28672K), 3 survivors (3072K)
 Metaspace       used 35673K, capacity 36840K, committed 36992K, reserved 1081344K
  class space    used 4165K, capacity 4615K, committed 4736K, reserved 1048576K
}
Event: 19.129 GC heap after
{Heap after GC invocations=18 (full 0):
 garbage-first heap   total 59392K, used 15888K [0x00000000d2200000, 0x0000000100000000)
  region size 1024K, 3 young (3072K), 3 survivors (3072K)
 Metaspace       used 35673K, capacity 36840K, committed 36992K, reserved 1081344K
  class space    used 4165K, capacity 4615K, committed 4736K, reserved 1048576K
}
Event: 19.828 GC heap before
{Heap before GC invocations=18 (full 0):
 garbage-first heap   total 59392K, used 42512K [0x00000000d2200000, 0x0000000100000000)
  region size 1024K, 30 young (30720K), 3 survivors (3072K)
 Metaspace       used 37254K, capacity 38331K, committed 38400K, reserved 1083392K
  class space    used 4378K, capacity 4815K, committed 4864K, reserved 1048576K
}
Event: 19.836 GC heap after
{Heap after GC invocations=19 (full 0):
 garbage-first heap   total 59392K, used 16182K [0x00000000d2200000, 0x0000000100000000)
  region size 1024K, 3 young (3072K), 3 survivors (3072K)
 Metaspace       used 37254K, capacity 38331K, committed 38400K, reserved 1083392K
  class space    used 4378K, capacity 4815K, committed 4864K, reserved 1048576K
}
Event: 21.567 GC heap before
{Heap before GC invocations=19 (full 0):
 garbage-first heap   total 59392K, used 43830K [0x00000000d2200000, 0x0000000100000000)
  region size 1024K, 30 young (30720K), 3 survivors (3072K)
 Metaspace       used 43401K, capacity 44586K, committed 44800K, reserved 1087488K
  class space    used 5354K, capacity 5808K, committed 5888K, reserved 1048576K
}
Event: 21.584 GC heap after
{Heap after GC invocations=20 (full 0):
 garbage-first heap   total 59392K, used 17207K [0x00000000d2200000, 0x0000000100000000)
  region size 1024K, 3 young (3072K), 3 survivors (3072K)
 Metaspace       used 43401K, capacity 44586K, committed 44800K, reserved 1087488K
  class space    used 5354K, capacity 5808K, committed 5888K, reserved 1048576K
}
Event: 23.978 GC heap before
{Heap before GC invocations=20 (full 0):
 garbage-first heap   total 59392K, used 44855K [0x00000000d2200000, 0x0000000100000000)
  region size 1024K, 30 young (30720K), 3 survivors (3072K)
 Metaspace       used 49502K, capacity 50688K, committed 50944K, reserved 1093632K
  class space    used 6143K, capacity 6625K, committed 6656K, reserved 1048576K
}
Event: 23.989 GC heap after
{Heap after GC invocations=21 (full 0):
 garbage-first heap   total 59392K, used 19419K [0x00000000d2200000, 0x0000000100000000)
  region size 1024K, 4 young (4096K), 4 survivors (4096K)
 Metaspace       used 49502K, capacity 50688K, committed 50944K, reserved 1093632K
  class space    used 6143K, capacity 6625K, committed 6656K, reserved 1048576K
}
Event: 25.550 GC heap before
{Heap before GC invocations=21 (full 0):
 garbage-first heap   total 59392K, used 46043K [0x00000000d2200000, 0x0000000100000000)
  region size 1024K, 30 young (30720K), 4 survivors (4096K)
 Metaspace       used 54347K, capacity 55638K, committed 55808K, reserved 1097728K
  class space    used 6893K, capacity 7423K, committed 7424K, reserved 1048576K
}
Event: 25.565 GC heap after
{Heap after GC invocations=22 (full 0):
 garbage-first heap   total 59392K, used 20912K [0x00000000d2200000, 0x0000000100000000)
  region size 1024K, 2 young (2048K), 2 survivors (2048K)
 Metaspace       used 54347K, capacity 55638K, committed 55808K, reserved 1097728K
  class space    used 6893K, capacity 7423K, committed 7424K, reserved 1048576K
}
Event: 26.685 GC heap before
{Heap before GC invocations=22 (full 0):
 garbage-first heap   total 59392K, used 46512K [0x00000000d2200000, 0x0000000100000000)
  region size 1024K, 27 young (27648K), 2 survivors (2048K)
 Metaspace       used 57658K, capacity 59013K, committed 59136K, reserved 1099776K
  class space    used 7322K, capacity 7884K, committed 7936K, reserved 1048576K
}
Event: 26.695 GC heap after
{Heap after GC invocations=23 (full 0):
 garbage-first heap   total 59392K, used 21919K [0x00000000d2200000, 0x0000000100000000)
  region size 1024K, 3 young (3072K), 3 survivors (3072K)
 Metaspace       used 57658K, capacity 59013K, committed 59136K, reserved 1099776K
  class space    used 7322K, capacity 7884K, committed 7936K, reserved 1048576K
}
Event: 27.186 GC heap before
{Heap before GC invocations=23 (full 0):
 garbage-first heap   total 59392K, used 31135K [0x00000000d2200000, 0x0000000100000000)
  region size 1024K, 13 young (13312K), 3 survivors (3072K)
 Metaspace       used 58646K, capacity 60055K, committed 60160K, reserved 1101824K
  class space    used 7441K, capacity 8016K, committed 8064K, reserved 1048576K
}
Event: 27.198 GC heap after
{Heap after GC invocations=24 (full 0):
 garbage-first heap   total 59392K, used 22903K [0x00000000d2200000, 0x0000000100000000)
  region size 1024K, 3 young (3072K), 3 survivors (3072K)
 Metaspace       used 58646K, capacity 60055K, committed 60160K, reserved 1101824K
  class space    used 7441K, capacity 8016K, committed 8064K, reserved 1048576K
}
Event: 28.174 GC heap before
{Heap before GC invocations=25 (full 0):
 garbage-first heap   total 59392K, used 42359K [0x00000000d2200000, 0x0000000100000000)
  region size 1024K, 22 young (22528K), 3 survivors (3072K)
 Metaspace       used 60306K, capacity 61831K, committed 62080K, reserved 1103872K
  class space    used 7698K, capacity 8305K, committed 8320K, reserved 1048576K
}
Event: 28.190 GC heap after
{Heap after GC invocations=26 (full 0):
 garbage-first heap   total 59392K, used 24585K [0x00000000d2200000, 0x0000000100000000)
  region size 1024K, 3 young (3072K), 3 survivors (3072K)
 Metaspace       used 60306K, capacity 61831K, committed 62080K, reserved 1103872K
  class space    used 7698K, capacity 8305K, committed 8320K, reserved 1048576K
}
Event: 29.117 GC heap before
{Heap before GC invocations=26 (full 0):
 garbage-first heap   total 59392K, used 44041K [0x00000000d2200000, 0x0000000100000000)
  region size 1024K, 22 young (22528K), 3 survivors (3072K)
 Metaspace       used 62842K, capacity 64446K, committed 64512K, reserved 1105920K
  class space    used 8043K, capacity 8701K, committed 8704K, reserved 1048576K
}
Event: 29.129 GC heap after
{Heap after GC invocations=27 (full 0):
 garbage-first heap   total 59392K, used 25325K [0x00000000d2200000, 0x0000000100000000)
  region size 1024K, 1 young (1024K), 1 survivors (1024K)
 Metaspace       used 62842K, capacity 64446K, committed 64512K, reserved 1105920K
  class space    used 8043K, capacity 8701K, committed 8704K, reserved 1048576K
}
Event: 49.656 GC heap before
{Heap before GC invocations=27 (full 0):
 garbage-first heap   total 59392K, used 44781K [0x00000000d2200000, 0x0000000100000000)
  region size 1024K, 21 young (21504K), 1 survivors (1024K)
 Metaspace       used 65794K, capacity 67402K, committed 67712K, reserved 1107968K
  class space    used 8384K, capacity 9020K, committed 9088K, reserved 1048576K
}
Event: 49.666 GC heap after
{Heap after GC invocations=28 (full 0):
 garbage-first heap   total 59392K, used 26946K [0x00000000d2200000, 0x0000000100000000)
  region size 1024K, 3 young (3072K), 3 survivors (3072K)
 Metaspace       used 65794K, capacity 67402K, committed 67712K, reserved 1107968K
  class space    used 8384K, capacity 9020K, committed 9088K, reserved 1048576K
}

